<?xml version="1.0" encoding="UTF-8"?>
<!-- Generated by org.testng.reporters.JUnitReportReporter -->
<testsuite hostname="DESKTOP-NTMIS4T" failures="0" tests="3" name="testng.test1" time="0.008" errors="0" timestamp="2021-11-09T17:13:11 IST" skipped="1">
  <testcase classname="testng.test1" name="settings" time="0.001"/>
  <system-out>
    <![CDATA[sett]]>
  </system-out>
  <testcase classname="testng.test1" name="settings" time="0.007"/>
  <system-out>
    <![CDATA[sett]]>
  </system-out>
  <testcase classname="testng.test1" name="chat">
    <skipped/>
  </testcase> <!-- chat -->
  <system-out/>
</testsuite> <!-- testng.test1 -->
